<?xml version="1.0" encoding="UTF-8"?>
<testng-results ignored="0" total="4" passed="4" failed="0" skipped="0">
  <reporter-output>
  </reporter-output>
  <suite started-at="2022-06-11T01:14:06Z" name="Suite" finished-at="2022-06-11T01:14:06Z" duration-ms="17">
    <groups>
    </groups>
    <test started-at="2022-06-11T01:14:06Z" name="Test" finished-at="2022-06-11T01:14:06Z" duration-ms="17">
      <class name="qaclickacademy.MavenJAVA.AppiumTest">
        <test-method signature="IOSApps()[pri:0, instance:qaclickacademy.MavenJAVA.AppiumTest@3eb81efb]" started-at="2022-06-10T20:14:06Z" name="IOSApps" finished-at="2022-06-10T20:14:06Z" duration-ms="4" status="PASS">
          <reporter-output>
          </reporter-output>
        </test-method> <!-- IOSApps -->
        <test-method signature="NativeAppAndroid()[pri:0, instance:qaclickacademy.MavenJAVA.AppiumTest@3eb81efb]" started-at="2022-06-10T20:14:06Z" name="NativeAppAndroid" finished-at="2022-06-10T20:14:06Z" duration-ms="0" status="PASS">
          <reporter-output>
          </reporter-output>
        </test-method> <!-- NativeAppAndroid -->
      </class> <!-- qaclickacademy.MavenJAVA.AppiumTest -->
      <class name="qaclickacademy.MavenJAVA.SeleniumTest">
        <test-method signature="BrowserAutomation()[pri:0, instance:qaclickacademy.MavenJAVA.SeleniumTest@30c8681]" started-at="2022-06-10T20:14:06Z" name="BrowserAutomation" finished-at="2022-06-10T20:14:06Z" duration-ms="1" status="PASS">
          <reporter-output>
          </reporter-output>
        </test-method> <!-- BrowserAutomation -->
        <test-method signature="elementsUi()[pri:0, instance:qaclickacademy.MavenJAVA.SeleniumTest@30c8681]" started-at="2022-06-10T20:14:06Z" name="elementsUi" finished-at="2022-06-10T20:14:06Z" duration-ms="0" status="PASS">
          <reporter-output>
          </reporter-output>
        </test-method> <!-- elementsUi -->
      </class> <!-- qaclickacademy.MavenJAVA.SeleniumTest -->
    </test> <!-- Test -->
  </suite> <!-- Suite -->
</testng-results>
