<?xml version="1.0" encoding="UTF-8"?>
<testng-results ignored="0" total="1" passed="1" failed="0" skipped="0">
  <reporter-output>
  </reporter-output>
  <suite started-at="2022-06-24T00:15:27 CDT" name="Default suite" finished-at="2022-06-24T00:15:41 CDT" duration-ms="13642">
    <groups>
    </groups>
    <test started-at="2022-06-24T00:15:27 CDT" name="Default test" finished-at="2022-06-24T00:15:41 CDT" duration-ms="13642">
      <class name="testcases.Loginapplication">
        <test-method signature="Login()[pri:0, instance:testcases.Loginapplication@5f683daf]" started-at="2022-06-24T00:15:27 CDT" name="Login" finished-at="2022-06-24T00:15:41 CDT" duration-ms="13617" status="PASS">
          <reporter-output>
          </reporter-output>
        </test-method> <!-- Login -->
      </class> <!-- testcases.Loginapplication -->
    </test> <!-- Default test -->
  </suite> <!-- Default suite -->
</testng-results>
