<?xml version="1.0" encoding="UTF-8"?>
<!-- Generated by org.testng.reporters.JUnitXMLReporter -->
<testsuite ignored="0" hostname="DESKTOP-G0B7K2D" failures="0" tests="4" name="Test" time="88.192" errors="0" timestamp="2022-07-01T19:08:58 CDT">
  <testcase classname="Academy.ValidateNavigationBar" name="basePageNavigation" time="0.083"/>
  <testcase classname="Academy.ValidateTitle" name="basePageNavigation" time="0.041"/>
  <testcase classname="Academy.HomePage" name="basePageNavigation" time="23.428"/>
  <testcase classname="Academy.HomePage" name="basePageNavigation" time="19.904"/>
</testsuite> <!-- Test -->
