<?xml version="1.0" encoding="UTF-8"?>
<!-- Generated by org.testng.reporters.JUnitXMLReporter -->
<testsuite ignored="0" hostname="DESKTOP-G0B7K2D" failures="0" tests="4" name="Test" time="0.017" errors="0" timestamp="11 Jun 2022 01:14:06 GMT">
  <testcase classname="qaclickacademy.MavenJAVA.AppiumTest" name="IOSApps" time="0.004"/>
  <testcase classname="qaclickacademy.MavenJAVA.AppiumTest" name="NativeAppAndroid" time="0.0"/>
  <testcase classname="qaclickacademy.MavenJAVA.SeleniumTest" name="BrowserAutomation" time="0.001"/>
  <testcase classname="qaclickacademy.MavenJAVA.SeleniumTest" name="elementsUi" time="0.0"/>
</testsuite> <!-- Test -->
