<?xml version="1.0" encoding="UTF-8"?>
<testng-results ignored="0" total="1" passed="1" failed="0" skipped="0">
  <reporter-output>
  </reporter-output>
  <suite started-at="2022-06-13T18:55:44 CDT" name="Default suite" finished-at="2022-06-13T18:55:50 CDT" duration-ms="6317">
    <groups>
    </groups>
    <test started-at="2022-06-13T18:55:44 CDT" name="Default test" finished-at="2022-06-13T18:55:50 CDT" duration-ms="6317">
      <class name="qaclickacademy.ExtentReports.ExtentReportDemo">
        <test-method is-config="true" signature="config()[pri:0, instance:qaclickacademy.ExtentReports.ExtentReportDemo@4efac082]" started-at="2022-06-13T18:55:44 CDT" name="config" finished-at="2022-06-13T18:55:44 CDT" duration-ms="169" status="PASS">
          <reporter-output>
          </reporter-output>
        </test-method> <!-- config -->
        <test-method signature="initialdemo()[pri:0, instance:qaclickacademy.ExtentReports.ExtentReportDemo@4efac082]" started-at="2022-06-13T18:55:44 CDT" name="initialdemo" finished-at="2022-06-13T18:55:50 CDT" duration-ms="6125" status="PASS">
          <reporter-output>
          </reporter-output>
        </test-method> <!-- initialdemo -->
      </class> <!-- qaclickacademy.ExtentReports.ExtentReportDemo -->
    </test> <!-- Default test -->
  </suite> <!-- Default suite -->
</testng-results>
